<?xml version="1.0" encoding="UTF-8"?>
<!-- Generated by org.testng.reporters.JUnitReportReporter -->
<testsuite hostname="DESKTOP-KNLD68D" failures="0" tests="10" name="tests.PositiveTests" time="171.274" errors="0" timestamp="2026-02-22T19:06:29 IST" skipped="0">
  <testcase classname="tests.PositiveTests" name="TC_POS_001_VerifyHomepageLoads" time="6.180"/>
  <testcase classname="tests.PositiveTests" name="TC_POS_002_NavigateToProducts" time="8.354"/>
  <testcase classname="tests.PositiveTests" name="TC_POS_003_SearchProduct" time="15.259"/>
  <testcase classname="tests.PositiveTests" name="TC_POS_004_ViewProductDetails" time="12.067"/>
  <testcase classname="tests.PositiveTests" name="TC_POS_005_AddProductToCart" time="11.780"/>
  <testcase classname="tests.PositiveTests" name="TC_POS_006_VerifyCartQuantity" time="14.548"/>
  <testcase classname="tests.PositiveTests" name="TC_POS_007_ProceedToCheckout" time="20.531"/>
  <testcase classname="tests.PositiveTests" name="TC_POS_008_DeliveryAddressPreFilled" time="26.186"/>
  <testcase classname="tests.PositiveTests" name="TC_POS_009_PaymentPageLoads" time="24.864"/>
  <testcase classname="tests.PositiveTests" name="TC_POS_010_CompletePurchaseFlow" time="31.505"/>
</testsuite> <!-- tests.PositiveTests -->
