<?xml version="1.0" encoding="UTF-8"?>
<!-- Generated by org.testng.reporters.JUnitReportReporter -->
<testsuite hostname="DESKTOP-KNLD68D" failures="0" tests="6" name="tests.EdgeTests" time="84.250" errors="0" timestamp="2026-02-22T19:06:29 IST" skipped="0">
  <testcase classname="tests.EdgeTests" name="TC_EDG_001_AddMaxQuantityToCart" time="11.506"/>
  <testcase classname="tests.EdgeTests" name="TC_EDG_002_AddMinQuantityToCart" time="10.982"/>
  <testcase classname="tests.EdgeTests" name="TC_EDG_003_AddSameProductTwice" time="12.653"/>
  <testcase classname="tests.EdgeTests" name="TC_EDG_004_RemoveItemFromCart" time="15.488"/>
  <testcase classname="tests.EdgeTests" name="TC_EDG_005_LongOrderComment" time="24.236"/>
  <testcase classname="tests.EdgeTests" name="TC_EDG_006_DirectUrlAccessToPayment" time="9.385"/>
</testsuite> <!-- tests.EdgeTests -->
