<?xml version="1.0" encoding="UTF-8"?>
<!-- Generated by org.testng.reporters.JUnitReportReporter -->
<testsuite hostname="DESKTOP-KNLD68D" failures="0" tests="8" name="tests.NegativeTests" time="128.461" errors="0" timestamp="2026-02-22T19:06:29 IST" skipped="0">
  <testcase classname="tests.NegativeTests" name="TC_NEG_001_LoginWithInvalidCredentials" time="10.654"/>
  <testcase classname="tests.NegativeTests" name="TC_NEG_002_LoginWithEmptyEmail" time="8.271"/>
  <testcase classname="tests.NegativeTests" name="TC_NEG_003_LoginWithEmptyPassword" time="11.989"/>
  <testcase classname="tests.NegativeTests" name="TC_NEG_004_RegisterWithExistingEmail" time="11.273"/>
  <testcase classname="tests.NegativeTests" name="TC_NEG_005_SearchNonExistentProduct" time="21.726"/>
  <testcase classname="tests.NegativeTests" name="TC_NEG_006_GuestCheckoutRequiresLogin" time="12.546"/>
  <testcase classname="tests.NegativeTests" name="TC_NEG_007_PaymentWithInvalidCard" time="31.011"/>
  <testcase classname="tests.NegativeTests" name="TC_NEG_008_SubscribeWithInvalidEmail" time="20.991"/>
</testsuite> <!-- tests.NegativeTests -->
