<?xml version="1.0" encoding="UTF-8"?>
<!-- Generated by org.testng.reporters.JUnitXMLReporter -->
<testsuite ignored="0" hostname="DESKTOP-KNLD68D" failures="0" tests="6" name="Edge_Tests" time="84.273" errors="0" timestamp="2026-02-22T19:06:28 IST">
  <testcase classname="tests.EdgeTests" name="TC_EDG_001_AddMaxQuantityToCart" time="6.527"/>
  <testcase classname="tests.EdgeTests" name="TC_EDG_002_AddMinQuantityToCart" time="6.088"/>
  <testcase classname="tests.EdgeTests" name="TC_EDG_003_AddSameProductTwice" time="7.563"/>
  <testcase classname="tests.EdgeTests" name="TC_EDG_004_RemoveItemFromCart" time="10.882"/>
  <testcase classname="tests.EdgeTests" name="TC_EDG_005_LongOrderComment" time="19.324"/>
  <testcase classname="tests.EdgeTests" name="TC_EDG_006_DirectUrlAccessToPayment" time="4.552"/>
</testsuite> <!-- Edge_Tests -->
