<?xml version="1.0" encoding="UTF-8"?>
<!-- Generated by org.testng.reporters.JUnitXMLReporter -->
<testsuite ignored="0" hostname="DESKTOP-KNLD68D" failures="0" tests="8" name="Negative_Tests" time="128.484" errors="0" timestamp="2026-02-22T19:05:04 IST">
  <testcase classname="tests.NegativeTests" name="TC_NEG_001_LoginWithInvalidCredentials" time="5.922"/>
  <testcase classname="tests.NegativeTests" name="TC_NEG_002_LoginWithEmptyEmail" time="3.483"/>
  <testcase classname="tests.NegativeTests" name="TC_NEG_003_LoginWithEmptyPassword" time="3.473"/>
  <testcase classname="tests.NegativeTests" name="TC_NEG_004_RegisterWithExistingEmail" time="5.987"/>
  <testcase classname="tests.NegativeTests" name="TC_NEG_005_SearchNonExistentProduct" time="16.866"/>
  <testcase classname="tests.NegativeTests" name="TC_NEG_006_GuestCheckoutRequiresLogin" time="7.185"/>
  <testcase classname="tests.NegativeTests" name="TC_NEG_007_PaymentWithInvalidCard" time="26.174"/>
  <testcase classname="tests.NegativeTests" name="TC_NEG_008_SubscribeWithInvalidEmail" time="16.156"/>
</testsuite> <!-- Negative_Tests -->
