<?xml version="1.0" encoding="UTF-8"?>
<!-- Generated by org.testng.reporters.JUnitXMLReporter -->
<testsuite ignored="0" hostname="DESKTOP-KNLD68D" failures="0" tests="10" name="Positive_Tests" time="171.393" errors="0" timestamp="2026-02-22T19:02:55 IST">
  <testcase classname="tests.PositiveTests" name="TC_POS_001_VerifyHomepageLoads" time="0.153"/>
  <testcase classname="tests.PositiveTests" name="TC_POS_002_NavigateToProducts" time="3.335"/>
  <testcase classname="tests.PositiveTests" name="TC_POS_003_SearchProduct" time="8.447"/>
  <testcase classname="tests.PositiveTests" name="TC_POS_004_ViewProductDetails" time="7.767"/>
  <testcase classname="tests.PositiveTests" name="TC_POS_005_AddProductToCart" time="6.669"/>
  <testcase classname="tests.PositiveTests" name="TC_POS_006_VerifyCartQuantity" time="6.602"/>
  <testcase classname="tests.PositiveTests" name="TC_POS_007_ProceedToCheckout" time="15.49"/>
  <testcase classname="tests.PositiveTests" name="TC_POS_008_DeliveryAddressPreFilled" time="15.707"/>
  <testcase classname="tests.PositiveTests" name="TC_POS_009_PaymentPageLoads" time="20.487"/>
  <testcase classname="tests.PositiveTests" name="TC_POS_010_CompletePurchaseFlow" time="26.72"/>
</testsuite> <!-- Positive_Tests -->
